undefined = [32minfo[39m: [32mServidor rodando na porta 3333[39m
undefined = [32minfo[39m: [32mServidor rodando na porta 3333[39m
undefined = [32minfo[39m: [32mServidor rodando na porta 3333[39m
undefined = [32minfo[39m: [32mServidor rodando na porta 3333[39m
2025-02-12 11:26:26:2626 = [32minfo[39m: [32mServidor rodando na porta 3333[39m
2025-02-12 11:27:18:2718 = [32minfo[39m: [32mServidor rodando na porta 3333[39m
2025-02-12 11:27:25:2725 = [32minfo[39m: [32mServidor rodando na porta 3333[39m
2025-02-12 11:27:32:2732 = [32minfo[39m: [32mServidor rodando na porta 3333[39m
2025-02-12 11:27:35:2735 = [32minfo[39m: [32mServidor rodando na porta 3333[39m
2025-02-12 11:28:01:281 = [32minfo[39m: [32mConectou ao Banco de Dados![39m
2025-02-12 11:28:01:281 = [32minfo[39m: [32mServidor rodando na porta 3333[39m
2025-02-12 11:28:52:2852 = [32minfo[39m: [32mConectou ao Banco de Dados![39m
2025-02-12 11:28:52:2852 = [32minfo[39m: [32mServidor rodando na porta 3333[39m
2025-02-12 11:29:07:297 = [32minfo[39m: [32mConectou ao Banco de Dados![39m
2025-02-12 11:29:07:297 = [32minfo[39m: [32mServidor rodando na porta 3333[39m
2025-02-12 11:29:11:2911 = [32minfo[39m: [32mConectou ao Banco de Dados![39m
2025-02-12 11:29:11:2911 = [32minfo[39m: [32mServidor rodando na porta 3333[39m
2025-02-12 11:31:46:3146 = [32minfo[39m: [32mConectou ao Banco de Dados![39m
2025-02-12 11:31:46:3146 = [32minfo[39m: [32mServidor rodando na porta 3333[39m
2025-02-12 11:31:50:3150 = [32minfo[39m: [32mConectou ao Banco de Dados![39m
2025-02-12 11:31:50:3150 = [32minfo[39m: [32mServidor rodando na porta 3333[39m
2025-02-12 11:31:54:3154 = [32minfo[39m: [32mConectou ao Banco de Dados![39m
2025-02-12 11:31:54:3154 = [32minfo[39m: [32mServidor rodando na porta 3333[39m
2025-02-12 11:31:57:3157 = [32minfo[39m: [32mConectou ao Banco de Dados![39m
2025-02-12 11:31:57:3157 = [32minfo[39m: [32mServidor rodando na porta 3333[39m
2025-02-12 11:32:20:3220 = [32minfo[39m: [32mConectou ao Banco de Dados![39m
2025-02-12 11:32:20:3220 = [32minfo[39m: [32mServidor rodando na porta 3333[39m
2025-02-12 11:32:31:3231 = [32minfo[39m: [32mConectou ao Banco de Dados![39m
2025-02-12 11:32:31:3231 = [32minfo[39m: [32mServidor rodando na porta 3333[39m
2025-02-12 11:32:40:3240 = [32minfo[39m: [32mConectou ao Banco de Dados![39m
2025-02-12 11:32:40:3240 = [32minfo[39m: [32mServidor rodando na porta 3333[39m
2025-02-12 11:32:42:3242 = [32minfo[39m: [32mConectou ao Banco de Dados![39m
2025-02-12 11:32:42:3242 = [32minfo[39m: [32mServidor rodando na porta 3333[39m
2025-02-12 11:32:49:3249 = [32minfo[39m: [32mConectou ao Banco de Dados![39m
2025-02-12 11:32:49:3249 = [32minfo[39m: [32mServidor rodando na porta 3333[39m
2025-02-12 13:04:14:414 = [32minfo[39m: [32mConectou ao Banco de Dados![39m
2025-02-12 13:04:14:414 = [32minfo[39m: [32mServidor rodando na porta 3333[39m
2025-02-12 13:04:17:417 = [32minfo[39m: [32mConectou ao Banco de Dados![39m
2025-02-12 13:04:17:417 = [32minfo[39m: [32mServidor rodando na porta 3333[39m
2025-02-12 13:04:21:421 = [32minfo[39m: [32mConectou ao Banco de Dados![39m
2025-02-12 13:04:21:421 = [32minfo[39m: [32mServidor rodando na porta 3333[39m
2025-02-12 13:04:24:424 = [32minfo[39m: [32mConectou ao Banco de Dados![39m
2025-02-12 13:04:24:424 = [32minfo[39m: [32mServidor rodando na porta 3333[39m
2025-02-12 13:04:30:430 = [32minfo[39m: [32mConectou ao Banco de Dados![39m
2025-02-12 13:04:30:430 = [32minfo[39m: [32mServidor rodando na porta 3333[39m
2025-02-12 13:04:36:436 = [32minfo[39m: [32mConectou ao Banco de Dados![39m
2025-02-12 13:04:36:436 = [32minfo[39m: [32mServidor rodando na porta 3333[39m
2025-02-12 13:04:42:442 = [32minfo[39m: [32mConectou ao Banco de Dados![39m
2025-02-12 13:04:42:442 = [32minfo[39m: [32mServidor rodando na porta 3333[39m
2025-02-12 13:04:46:446 = [32minfo[39m: [32mConectou ao Banco de Dados![39m
2025-02-12 13:04:46:446 = [32minfo[39m: [32mServidor rodando na porta 3333[39m
2025-02-12 13:04:47:447 = [32minfo[39m: [32mConectou ao Banco de Dados![39m
2025-02-12 13:04:47:447 = [32minfo[39m: [32mServidor rodando na porta 3333[39m
2025-02-12 13:04:59:459 = [32minfo[39m: [32mConectou ao Banco de Dados![39m
2025-02-12 13:04:59:459 = [32minfo[39m: [32mServidor rodando na porta 3333[39m
2025-02-12 13:05:13:513 = [32minfo[39m: [32mConectou ao Banco de Dados![39m
2025-02-12 13:05:13:513 = [32minfo[39m: [32mServidor rodando na porta 3333[39m
2025-02-12 13:05:35:535 = [32minfo[39m: [32mConectou ao Banco de Dados![39m
2025-02-12 13:05:35:535 = [32minfo[39m: [32mServidor rodando na porta 3333[39m
2025-02-12 13:05:49:549 = [32minfo[39m: [32mConectou ao Banco de Dados![39m
2025-02-12 13:05:49:549 = [32minfo[39m: [32mServidor rodando na porta 3333[39m
2025-02-12 13:05:51:551 = [32minfo[39m: [32mConectou ao Banco de Dados![39m
2025-02-12 13:05:51:551 = [32minfo[39m: [32mServidor rodando na porta 3333[39m
2025-02-12 13:05:53:553 = [32minfo[39m: [32mConectou ao Banco de Dados![39m
2025-02-12 13:05:53:553 = [32minfo[39m: [32mServidor rodando na porta 3333[39m
2025-02-12 13:06:30:630 = [32minfo[39m: [32mConectou ao Banco de Dados![39m
2025-02-12 13:06:30:630 = [32minfo[39m: [32mServidor rodando na porta 3333[39m
2025-02-12 13:06:33:633 = [32minfo[39m: [32mConectou ao Banco de Dados![39m
2025-02-12 13:06:33:633 = [32minfo[39m: [32mServidor rodando na porta 3333[39m
2025-02-12 13:06:51:651 = [32minfo[39m: [32mConectou ao Banco de Dados![39m
2025-02-12 13:06:53:653 = [32minfo[39m: [32mConectou ao Banco de Dados![39m
2025-02-12 13:06:53:653 = [32minfo[39m: [32mServidor rodando na porta 3333[39m
2025-02-12 13:07:11:711 = [32minfo[39m: [32mConectou ao Banco de Dados![39m
2025-02-12 13:07:11:711 = [32minfo[39m: [32mServidor rodando na porta 3333[39m
2025-02-12 13:07:14:714 = [32minfo[39m: [32mConectou ao Banco de Dados![39m
2025-02-12 13:07:14:714 = [32minfo[39m: [32mServidor rodando na porta 3333[39m
2025-02-12 13:07:26:726 = [32minfo[39m: [32mConectou ao Banco de Dados![39m
2025-02-12 13:07:26:726 = [32minfo[39m: [32mServidor rodando na porta 3333[39m
2025-02-12 13:07:31:731 = [32minfo[39m: [32mConectou ao Banco de Dados![39m
2025-02-12 13:07:31:731 = [32minfo[39m: [32mServidor rodando na porta 3333[39m
2025-02-12 13:07:52:752 = [32minfo[39m: [32mConectou ao Banco de Dados![39m
2025-02-12 13:07:52:752 = [32minfo[39m: [32mServidor rodando na porta 3333[39m
2025-02-12 13:07:57:757 = [32minfo[39m: [32mConectou ao Banco de Dados![39m
2025-02-12 13:07:57:757 = [32minfo[39m: [32mServidor rodando na porta 3333[39m
2025-02-12 13:08:32:832 = [32minfo[39m: [32mConectou ao Banco de Dados![39m
2025-02-12 13:08:32:832 = [32minfo[39m: [32mServidor rodando na porta 3333[39m
2025-02-12 13:08:40:840 = [32minfo[39m: [32mConectou ao Banco de Dados![39m
2025-02-12 13:08:40:840 = [32minfo[39m: [32mServidor rodando na porta 3333[39m
2025-02-12 13:08:43:843 = [32minfo[39m: [32mConectou ao Banco de Dados![39m
2025-02-12 13:08:43:843 = [32minfo[39m: [32mServidor rodando na porta 3333[39m
2025-02-12 13:08:47:847 = [32minfo[39m: [32mConectou ao Banco de Dados![39m
2025-02-12 13:08:47:847 = [32minfo[39m: [32mServidor rodando na porta 3333[39m
2025-02-12 13:08:50:850 = [32minfo[39m: [32mConectou ao Banco de Dados![39m
2025-02-12 13:08:50:850 = [32minfo[39m: [32mServidor rodando na porta 3333[39m
2025-02-12 13:08:52:852 = [32minfo[39m: [32mConectou ao Banco de Dados![39m
2025-02-12 13:08:52:852 = [32minfo[39m: [32mServidor rodando na porta 3333[39m
2025-02-12 13:08:54:854 = [32minfo[39m: [32mConectou ao Banco de Dados![39m
2025-02-12 13:08:54:854 = [32minfo[39m: [32mServidor rodando na porta 3333[39m
2025-02-12 13:09:01:91 = [32minfo[39m: [32mConectou ao Banco de Dados![39m
2025-02-12 13:09:01:91 = [32minfo[39m: [32mServidor rodando na porta 3333[39m
2025-02-12 13:09:10:910 = [32minfo[39m: [32mConectou ao Banco de Dados![39m
2025-02-12 13:09:10:910 = [32minfo[39m: [32mServidor rodando na porta 3333[39m
2025-02-12 13:09:17:917 = [32minfo[39m: [32mConectou ao Banco de Dados![39m
2025-02-12 13:09:17:917 = [32minfo[39m: [32mServidor rodando na porta 3333[39m
2025-02-12 13:09:34:934 = [32minfo[39m: [32mConectou ao Banco de Dados![39m
2025-02-12 13:09:34:934 = [32minfo[39m: [32mServidor rodando na porta 3333[39m
2025-02-12 13:09:36:936 = [32minfo[39m: [32mConectou ao Banco de Dados![39m
2025-02-12 13:09:36:936 = [32minfo[39m: [32mServidor rodando na porta 3333[39m
2025-02-12 13:09:43:943 = [32minfo[39m: [32mConectou ao Banco de Dados![39m
2025-02-12 13:09:43:943 = [32minfo[39m: [32mServidor rodando na porta 3333[39m
2025-02-12 13:09:45:945 = [32minfo[39m: [32mConectou ao Banco de Dados![39m
2025-02-12 13:09:45:945 = [32minfo[39m: [32mServidor rodando na porta 3333[39m
2025-02-12 13:10:00:100 = [35mhttp[39m: [35mGET /api/test: status - - response-time ms[39m
[35m[39m
2025-02-12 13:10:03:103 = [35mhttp[39m: [35mGET /api/test: status - - response-time ms[39m
[35m[39m
2025-02-12 13:10:47:1047 = [35mhttp[39m: [35mGET /api/test: status - - response-time ms[39m
[35m[39m
2025-02-12 13:11:12:1112 = [32minfo[39m: [32mConectou ao Banco de Dados![39m
2025-02-12 13:11:12:1112 = [32minfo[39m: [32mServidor rodando na porta 3333[39m
2025-02-12 13:12:24:1224 = [32minfo[39m: [32mConectou ao Banco de Dados![39m
2025-02-12 13:12:24:1224 = [32minfo[39m: [32mServidor rodando na porta 3333[39m
2025-02-12 13:12:28:1228 = [35mhttp[39m: [35mGET /api/test: status - - response-time ms[39m
[35m[39m
2025-02-12 13:13:12:1312 = [32minfo[39m: [32mConectou ao Banco de Dados![39m
2025-02-12 13:13:12:1312 = [32minfo[39m: [32mServidor rodando na porta 3333[39m
2025-02-12 13:13:37:1337 = [32minfo[39m: [32mConectou ao Banco de Dados![39m
2025-02-12 13:13:37:1337 = [32minfo[39m: [32mServidor rodando na porta 3333[39m
2025-02-12 13:13:38:1338 = [35mhttp[39m: [35mGET /api/test 200 - - response-time ms[39m
[35m[39m
2025-02-12 14:32:52:3252 = [32minfo[39m: [32mConectou ao Banco de Dados![39m
2025-02-12 14:32:52:3252 = [32minfo[39m: [32mServidor rodando na porta 3333[39m
2025-02-12 14:33:29:3329 = [32minfo[39m: [32mConectou ao Banco de Dados![39m
2025-02-12 14:33:29:3329 = [32minfo[39m: [32mServidor rodando na porta 3333[39m
2025-02-12 14:33:54:3354 = [32minfo[39m: [32mConectou ao Banco de Dados![39m
2025-02-12 14:33:54:3354 = [32minfo[39m: [32mServidor rodando na porta 3333[39m
2025-02-12 14:34:04:344 = [32minfo[39m: [32mConectou ao Banco de Dados![39m
2025-02-12 14:34:04:344 = [32minfo[39m: [32mServidor rodando na porta 3333[39m
2025-02-12 14:42:05:425 = [32minfo[39m: [32mConectou ao Banco de Dados![39m
2025-02-12 14:42:05:425 = [32minfo[39m: [32mServidor rodando na porta 3333[39m
2025-02-12 14:43:10:4310 = [32minfo[39m: [32mConectou ao Banco de Dados![39m
2025-02-12 14:43:10:4310 = [32minfo[39m: [32mServidor rodando na porta 3333[39m
2025-02-12 14:43:13:4313 = [32minfo[39m: [32mConectou ao Banco de Dados![39m
2025-02-12 14:43:13:4313 = [32minfo[39m: [32mServidor rodando na porta 3333[39m
2025-02-12 14:43:18:4318 = [32minfo[39m: [32mConectou ao Banco de Dados![39m
2025-02-12 14:43:18:4318 = [32minfo[39m: [32mServidor rodando na porta 3333[39m
2025-02-12 14:43:23:4323 = [32minfo[39m: [32mConectou ao Banco de Dados![39m
2025-02-12 14:43:23:4323 = [32minfo[39m: [32mServidor rodando na porta 3333[39m
2025-02-12 14:43:33:4333 = [32minfo[39m: [32mConectou ao Banco de Dados![39m
2025-02-12 14:43:33:4333 = [32minfo[39m: [32mServidor rodando na porta 3333[39m
2025-02-12 14:44:18:4418 = [32minfo[39m: [32mConectou ao Banco de Dados![39m
2025-02-12 14:44:18:4418 = [32minfo[39m: [32mServidor rodando na porta 3333[39m
2025-02-12 14:47:24:4724 = [32minfo[39m: [32mConectou ao Banco de Dados![39m
2025-02-12 14:47:24:4724 = [32minfo[39m: [32mServidor rodando na porta 3333[39m
2025-02-12 14:47:39:4739 = [32minfo[39m: [32mConectou ao Banco de Dados![39m
2025-02-12 14:47:39:4739 = [32minfo[39m: [32mServidor rodando na porta 3333[39m
2025-02-12 14:47:45:4745 = [32minfo[39m: [32mConectou ao Banco de Dados![39m
2025-02-12 14:47:45:4745 = [32minfo[39m: [32mServidor rodando na porta 3333[39m
2025-02-12 14:48:50:4850 = [32minfo[39m: [32mConectou ao Banco de Dados![39m
2025-02-12 14:48:50:4850 = [32minfo[39m: [32mServidor rodando na porta 3333[39m
2025-02-12 14:49:05:495 = [32minfo[39m: [32mConectou ao Banco de Dados![39m
2025-02-12 14:49:05:495 = [32minfo[39m: [32mServidor rodando na porta 3333[39m
2025-02-12 14:49:19:4919 = [32minfo[39m: [32mConectou ao Banco de Dados![39m
2025-02-12 14:49:19:4919 = [32minfo[39m: [32mServidor rodando na porta 3333[39m
2025-02-12 14:49:23:4923 = [32minfo[39m: [32mConectou ao Banco de Dados![39m
2025-02-12 14:49:23:4923 = [32minfo[39m: [32mServidor rodando na porta 3333[39m
2025-02-12 14:49:26:4926 = [32minfo[39m: [32mConectou ao Banco de Dados![39m
2025-02-12 14:49:26:4926 = [32minfo[39m: [32mServidor rodando na porta 3333[39m
2025-02-12 14:49:39:4939 = [32minfo[39m: [32mConectou ao Banco de Dados![39m
2025-02-12 14:49:39:4939 = [32minfo[39m: [32mServidor rodando na porta 3333[39m
2025-02-12 14:49:46:4946 = [32minfo[39m: [32mConectou ao Banco de Dados![39m
2025-02-12 14:49:46:4946 = [32minfo[39m: [32mServidor rodando na porta 3333[39m
2025-02-12 14:49:48:4948 = [32minfo[39m: [32mConectou ao Banco de Dados![39m
2025-02-12 14:49:48:4948 = [32minfo[39m: [32mServidor rodando na porta 3333[39m
2025-02-12 14:49:55:4955 = [32minfo[39m: [32mConectou ao Banco de Dados![39m
2025-02-12 14:49:55:4955 = [32minfo[39m: [32mServidor rodando na porta 3333[39m
2025-02-12 14:49:59:4959 = [32minfo[39m: [32mConectou ao Banco de Dados![39m
2025-02-12 14:49:59:4959 = [32minfo[39m: [32mServidor rodando na porta 3333[39m
2025-02-12 14:51:16:5116 = [32minfo[39m: [32mConectou ao Banco de Dados![39m
2025-02-12 14:51:16:5116 = [32minfo[39m: [32mServidor rodando na porta 3333[39m
2025-02-12 14:51:27:5127 = [32minfo[39m: [32mConectou ao Banco de Dados![39m
2025-02-12 14:51:27:5127 = [32minfo[39m: [32mServidor rodando na porta 3333[39m
2025-02-12 14:52:44:5244 = [32minfo[39m: [32mConectou ao Banco de Dados![39m
2025-02-12 14:52:44:5244 = [32minfo[39m: [32mServidor rodando na porta 3333[39m
2025-02-12 14:53:11:5311 = [32minfo[39m: [32mConectou ao Banco de Dados![39m
2025-02-12 14:53:11:5311 = [32minfo[39m: [32mServidor rodando na porta 3333[39m
2025-02-12 14:53:18:5318 = [32minfo[39m: [32mConectou ao Banco de Dados![39m
2025-02-12 14:53:18:5318 = [32minfo[39m: [32mServidor rodando na porta 3333[39m
2025-02-12 14:53:52:5352 = [32minfo[39m: [32mConectou ao Banco de Dados![39m
2025-02-12 14:53:52:5352 = [32minfo[39m: [32mServidor rodando na porta 3333[39m
2025-02-12 14:55:18:5518 = [35mhttp[39m: [35mGET /api/movie 404 - - response-time ms[39m
[35m[39m
2025-02-12 14:55:39:5539 = [35mhttp[39m: [35mGET /api/movie 404 - - response-time ms[39m
[35m[39m
2025-02-12 14:56:02:562 = [35mhttp[39m: [35mPOST /api/movie 404 - - response-time ms[39m
[35m[39m
2025-02-12 14:56:08:568 = [35mhttp[39m: [35mPOST /api/movie 404 - - response-time ms[39m
[35m[39m
2025-02-12 14:56:50:5650 = [32minfo[39m: [32mConectou ao Banco de Dados![39m
2025-02-12 14:56:50:5650 = [32minfo[39m: [32mServidor rodando na porta 3333[39m
2025-02-12 14:59:03:593 = [32minfo[39m: [32mConectou ao Banco de Dados![39m
2025-02-12 14:59:03:593 = [32minfo[39m: [32mServidor rodando na porta 3333[39m
2025-02-12 14:59:11:5911 = [32minfo[39m: [32mConectou ao Banco de Dados![39m
2025-02-12 14:59:11:5911 = [32minfo[39m: [32mServidor rodando na porta 3333[39m
2025-02-12 14:59:15:5915 = [35mhttp[39m: [35mPOST /api/movie 201 - - response-time ms[39m
[35m[39m
2025-02-12 15:00:13:013 = [35mhttp[39m: [35mPOST /api/movie 201 - - response-time ms[39m
[35m[39m
2025-02-12 15:01:26:126 = [32minfo[39m: [32mConectou ao Banco de Dados![39m
2025-02-12 15:01:26:126 = [32minfo[39m: [32mServidor rodando na porta 3333[39m
2025-02-12 15:01:35:135 = [32minfo[39m: [32mConectou ao Banco de Dados![39m
2025-02-12 15:01:35:135 = [32minfo[39m: [32mServidor rodando na porta 3333[39m
2025-02-12 15:02:07:27 = [32minfo[39m: [32mConectou ao Banco de Dados![39m
2025-02-12 15:02:07:27 = [32minfo[39m: [32mServidor rodando na porta 3333[39m
2025-02-12 15:02:09:29 = [32minfo[39m: [32mConectou ao Banco de Dados![39m
2025-02-12 15:02:09:29 = [32minfo[39m: [32mServidor rodando na porta 3333[39m
2025-02-12 15:02:26:226 = [32minfo[39m: [32mConectou ao Banco de Dados![39m
2025-02-12 15:02:26:226 = [32minfo[39m: [32mServidor rodando na porta 3333[39m
2025-02-12 15:02:28:228 = [32minfo[39m: [32mConectou ao Banco de Dados![39m
2025-02-12 15:02:28:228 = [32minfo[39m: [32mServidor rodando na porta 3333[39m
2025-02-12 15:02:30:230 = [32minfo[39m: [32mConectou ao Banco de Dados![39m
2025-02-12 15:02:30:230 = [32minfo[39m: [32mServidor rodando na porta 3333[39m
2025-02-12 15:02:35:235 = [32minfo[39m: [32mConectou ao Banco de Dados![39m
2025-02-12 15:02:35:235 = [32minfo[39m: [32mServidor rodando na porta 3333[39m
2025-02-12 15:02:45:245 = [32minfo[39m: [32mConectou ao Banco de Dados![39m
2025-02-12 15:02:45:245 = [32minfo[39m: [32mServidor rodando na porta 3333[39m
2025-02-12 15:02:47:247 = [32minfo[39m: [32mConectou ao Banco de Dados![39m
2025-02-12 15:02:47:247 = [32minfo[39m: [32mServidor rodando na porta 3333[39m
2025-02-12 15:02:57:257 = [32minfo[39m: [32mConectou ao Banco de Dados![39m
2025-02-12 15:02:57:257 = [32minfo[39m: [32mServidor rodando na porta 3333[39m
2025-02-12 15:02:58:258 = [32minfo[39m: [32mConectou ao Banco de Dados![39m
2025-02-12 15:02:58:258 = [32minfo[39m: [32mServidor rodando na porta 3333[39m
2025-02-12 15:03:07:37 = [32minfo[39m: [32mConectou ao Banco de Dados![39m
2025-02-12 15:03:07:37 = [32minfo[39m: [32mServidor rodando na porta 3333[39m
2025-02-12 15:03:10:310 = [32minfo[39m: [32mConectou ao Banco de Dados![39m
2025-02-12 15:03:10:310 = [32minfo[39m: [32mServidor rodando na porta 3333[39m
2025-02-12 15:03:12:312 = [32minfo[39m: [32mConectou ao Banco de Dados![39m
2025-02-12 15:03:12:312 = [32minfo[39m: [32mServidor rodando na porta 3333[39m
2025-02-12 15:03:21:321 = [32minfo[39m: [32mConectou ao Banco de Dados![39m
2025-02-12 15:03:21:321 = [32minfo[39m: [32mServidor rodando na porta 3333[39m
2025-02-12 15:03:25:325 = [32minfo[39m: [32mConectou ao Banco de Dados![39m
2025-02-12 15:03:25:325 = [32minfo[39m: [32mServidor rodando na porta 3333[39m
2025-02-12 15:03:41:341 = [32minfo[39m: [32mConectou ao Banco de Dados![39m
2025-02-12 15:03:41:341 = [32minfo[39m: [32mServidor rodando na porta 3333[39m
2025-02-12 15:03:43:343 = [32minfo[39m: [32mConectou ao Banco de Dados![39m
2025-02-12 15:03:43:343 = [32minfo[39m: [32mServidor rodando na porta 3333[39m
2025-02-12 15:03:52:352 = [32minfo[39m: [32mConectou ao Banco de Dados![39m
2025-02-12 15:03:52:352 = [32minfo[39m: [32mServidor rodando na porta 3333[39m
2025-02-12 15:06:49:649 = [35mhttp[39m: [35mPOST /api/movie 201 - - response-time ms[39m
[35m[39m
2025-02-12 15:16:00:160 = [32minfo[39m: [32mConectou ao Banco de Dados![39m
2025-02-12 15:16:00:160 = [32minfo[39m: [32mServidor rodando na porta 3333[39m
2025-02-12 15:16:08:168 = [32minfo[39m: [32mConectou ao Banco de Dados![39m
2025-02-12 15:16:08:168 = [32minfo[39m: [32mServidor rodando na porta 3333[39m
2025-02-12 15:16:44:1644 = [35mhttp[39m: [35mPOST /api/movie 201 - - response-time ms[39m
[35m[39m
2025-02-12 15:45:25:4525 = [32minfo[39m: [32mConectou ao Banco de Dados![39m
2025-02-12 15:45:25:4525 = [32minfo[39m: [32mServidor rodando na porta 3333[39m
2025-02-12 15:45:27:4527 = [32minfo[39m: [32mConectou ao Banco de Dados![39m
2025-02-12 15:45:27:4527 = [32minfo[39m: [32mServidor rodando na porta 3333[39m
2025-02-12 15:48:21:4821 = [32minfo[39m: [32mConectou ao Banco de Dados![39m
2025-02-12 15:48:21:4821 = [32minfo[39m: [32mServidor rodando na porta 3333[39m
2025-02-12 15:48:25:4825 = [32minfo[39m: [32mConectou ao Banco de Dados![39m
2025-02-12 15:48:25:4825 = [32minfo[39m: [32mServidor rodando na porta 3333[39m
2025-02-12 15:48:28:4828 = [32minfo[39m: [32mConectou ao Banco de Dados![39m
2025-02-12 15:48:28:4828 = [32minfo[39m: [32mServidor rodando na porta 3333[39m
2025-02-12 15:48:32:4832 = [32minfo[39m: [32mConectou ao Banco de Dados![39m
2025-02-12 15:48:32:4832 = [32minfo[39m: [32mServidor rodando na porta 3333[39m
2025-02-12 15:53:20:5320 = [32minfo[39m: [32mConectou ao Banco de Dados![39m
2025-02-12 15:53:20:5320 = [32minfo[39m: [32mServidor rodando na porta 3333[39m
2025-02-12 15:53:46:5346 = [32minfo[39m: [32mConectou ao Banco de Dados![39m
2025-02-12 15:53:46:5346 = [32minfo[39m: [32mServidor rodando na porta 3333[39m
2025-02-12 15:54:07:547 = [32minfo[39m: [32mConectou ao Banco de Dados![39m
2025-02-12 15:54:07:547 = [32minfo[39m: [32mServidor rodando na porta 3333[39m
2025-02-12 15:54:26:5426 = [35mhttp[39m: [35mPOST /api/movie 201 - - response-time ms[39m
[35m[39m
2025-02-12 15:54:39:5439 = [35mhttp[39m: [35mPOST /api/movie 422 - - response-time ms[39m
[35m[39m
2025-02-12 15:56:44:5644 = [32minfo[39m: [32mConectou ao Banco de Dados![39m
2025-02-12 15:56:44:5644 = [32minfo[39m: [32mServidor rodando na porta 3333[39m
2025-02-12 15:56:47:5647 = [32minfo[39m: [32mConectou ao Banco de Dados![39m
2025-02-12 15:56:47:5647 = [32minfo[39m: [32mServidor rodando na porta 3333[39m
2025-02-12 15:56:51:5651 = [32minfo[39m: [32mConectou ao Banco de Dados![39m
2025-02-12 15:56:51:5651 = [32minfo[39m: [32mServidor rodando na porta 3333[39m
2025-02-12 15:57:04:574 = [32minfo[39m: [32mConectou ao Banco de Dados![39m
2025-02-12 15:57:04:574 = [32minfo[39m: [32mServidor rodando na porta 3333[39m
2025-02-12 15:57:07:577 = [32minfo[39m: [32mConectou ao Banco de Dados![39m
2025-02-12 15:57:07:577 = [32minfo[39m: [32mServidor rodando na porta 3333[39m
2025-02-12 15:57:31:5731 = [32minfo[39m: [32mConectou ao Banco de Dados![39m
2025-02-12 15:57:31:5731 = [32minfo[39m: [32mServidor rodando na porta 3333[39m
2025-02-12 15:57:36:5736 = [32minfo[39m: [32mConectou ao Banco de Dados![39m
2025-02-12 15:57:36:5736 = [32minfo[39m: [32mServidor rodando na porta 3333[39m
2025-02-12 15:57:39:5739 = [32minfo[39m: [32mConectou ao Banco de Dados![39m
2025-02-12 15:57:39:5739 = [32minfo[39m: [32mServidor rodando na porta 3333[39m
2025-02-12 15:57:48:5748 = [32minfo[39m: [32mConectou ao Banco de Dados![39m
2025-02-12 15:57:48:5748 = [32minfo[39m: [32mServidor rodando na porta 3333[39m
2025-02-12 15:59:04:594 = [32minfo[39m: [32mConectou ao Banco de Dados![39m
2025-02-12 15:59:04:594 = [32minfo[39m: [32mServidor rodando na porta 3333[39m
2025-02-12 15:59:14:5914 = [32minfo[39m: [32mConectou ao Banco de Dados![39m
2025-02-12 15:59:14:5914 = [32minfo[39m: [32mServidor rodando na porta 3333[39m
2025-02-12 15:59:33:5933 = [32minfo[39m: [32mConectou ao Banco de Dados![39m
2025-02-12 15:59:33:5933 = [32minfo[39m: [32mServidor rodando na porta 3333[39m
2025-02-12 16:01:42:142 = [32minfo[39m: [32mConectou ao Banco de Dados![39m
2025-02-12 16:01:42:142 = [32minfo[39m: [32mServidor rodando na porta 3333[39m
2025-02-12 16:01:44:144 = [32minfo[39m: [32mConectou ao Banco de Dados![39m
2025-02-12 16:01:44:144 = [32minfo[39m: [32mServidor rodando na porta 3333[39m
2025-02-12 16:02:03:23 = [35mhttp[39m: [35mPOST /api/movie 422 - - response-time ms[39m
[35m[39m
2025-02-12 16:02:08:28 = [35mhttp[39m: [35mPOST /api/movie 422 - - response-time ms[39m
[35m[39m
2025-02-12 16:02:34:234 = [35mhttp[39m: [35mPOST /api/movie 422 - - response-time ms[39m
[35m[39m
2025-02-12 16:02:40:240 = [35mhttp[39m: [35mPOST /api/movie 201 - - response-time ms[39m
[35m[39m
2025-02-12 16:03:22:322 = [32minfo[39m: [32mConectou ao Banco de Dados![39m
2025-02-12 16:03:22:322 = [32minfo[39m: [32mServidor rodando na porta 3333[39m
2025-02-12 16:03:28:328 = [32minfo[39m: [32mConectou ao Banco de Dados![39m
2025-02-12 16:03:28:328 = [32minfo[39m: [32mServidor rodando na porta 3333[39m
2025-02-12 16:03:32:332 = [32minfo[39m: [32mConectou ao Banco de Dados![39m
2025-02-12 16:03:32:332 = [32minfo[39m: [32mServidor rodando na porta 3333[39m
2025-02-12 16:03:44:344 = [32minfo[39m: [32mConectou ao Banco de Dados![39m
2025-02-12 16:03:44:344 = [32minfo[39m: [32mServidor rodando na porta 3333[39m
2025-02-12 16:03:49:349 = [32minfo[39m: [32mConectou ao Banco de Dados![39m
2025-02-12 16:03:49:349 = [32minfo[39m: [32mServidor rodando na porta 3333[39m
2025-02-12 16:04:05:45 = [35mhttp[39m: [35mPOST /api/movie 422 - - response-time ms[39m
[35m[39m
2025-02-12 16:04:18:418 = [35mhttp[39m: [35mPOST /api/movie 201 - - response-time ms[39m
[35m[39m
2025-02-12 16:04:42:442 = [32minfo[39m: [32mConectou ao Banco de Dados![39m
2025-02-12 16:04:42:442 = [32minfo[39m: [32mServidor rodando na porta 3333[39m
2025-02-12 16:05:18:518 = [32minfo[39m: [32mConectou ao Banco de Dados![39m
2025-02-12 16:05:18:518 = [32minfo[39m: [32mServidor rodando na porta 3333[39m
2025-02-12 16:05:22:522 = [32minfo[39m: [32mConectou ao Banco de Dados![39m
2025-02-12 16:05:22:522 = [32minfo[39m: [32mServidor rodando na porta 3333[39m
2025-02-12 16:05:25:525 = [32minfo[39m: [32mConectou ao Banco de Dados![39m
2025-02-12 16:05:25:525 = [32minfo[39m: [32mServidor rodando na porta 3333[39m
2025-02-12 16:05:44:544 = [35mhttp[39m: [35mPOST /api/movie 422 - - response-time ms[39m
[35m[39m
2025-02-12 16:06:01:61 = [35mhttp[39m: [35mPOST /api/movie 422 - - response-time ms[39m
[35m[39m
2025-02-12 16:06:13:613 = [35mhttp[39m: [35mPOST /api/movie 201 - - response-time ms[39m
[35m[39m
2025-02-12 16:06:46:646 = [32minfo[39m: [32mConectou ao Banco de Dados![39m
2025-02-12 16:06:46:646 = [32minfo[39m: [32mServidor rodando na porta 3333[39m
2025-02-12 16:06:52:652 = [32minfo[39m: [32mConectou ao Banco de Dados![39m
2025-02-12 16:06:52:652 = [32minfo[39m: [32mServidor rodando na porta 3333[39m
2025-02-12 16:07:15:715 = [32minfo[39m: [32mConectou ao Banco de Dados![39m
2025-02-12 16:07:15:715 = [32minfo[39m: [32mServidor rodando na porta 3333[39m
2025-02-12 16:09:44:944 = [35mhttp[39m: [35mPOST /api/movie 201 - - response-time ms[39m
[35m[39m
2025-02-12 16:11:51:1151 = [32minfo[39m: [32mConectou ao Banco de Dados![39m
2025-02-12 16:11:51:1151 = [32minfo[39m: [32mServidor rodando na porta 3333[39m
2025-02-12 16:12:00:120 = [32minfo[39m: [32mConectou ao Banco de Dados![39m
2025-02-12 16:12:00:120 = [32minfo[39m: [32mServidor rodando na porta 3333[39m
2025-02-12 16:12:29:1229 = [32minfo[39m: [32mConectou ao Banco de Dados![39m
2025-02-12 16:12:29:1229 = [32minfo[39m: [32mServidor rodando na porta 3333[39m
2025-02-12 16:12:46:1246 = [32minfo[39m: [32mConectou ao Banco de Dados![39m
2025-02-12 16:12:46:1246 = [32minfo[39m: [32mServidor rodando na porta 3333[39m
2025-02-12 16:13:41:1341 = [32minfo[39m: [32mConectou ao Banco de Dados![39m
2025-02-12 16:13:41:1341 = [32minfo[39m: [32mServidor rodando na porta 3333[39m
2025-02-12 16:15:37:1537 = [32minfo[39m: [32mConectou ao Banco de Dados![39m
2025-02-12 16:15:37:1537 = [32minfo[39m: [32mServidor rodando na porta 3333[39m
2025-02-12 16:15:41:1541 = [32minfo[39m: [32mConectou ao Banco de Dados![39m
2025-02-12 16:15:41:1541 = [32minfo[39m: [32mServidor rodando na porta 3333[39m
2025-02-12 16:15:48:1548 = [32minfo[39m: [32mConectou ao Banco de Dados![39m
2025-02-12 16:15:48:1548 = [32minfo[39m: [32mServidor rodando na porta 3333[39m
2025-02-12 16:15:52:1552 = [32minfo[39m: [32mConectou ao Banco de Dados![39m
2025-02-12 16:15:52:1552 = [32minfo[39m: [32mServidor rodando na porta 3333[39m
2025-02-12 16:15:54:1554 = [32minfo[39m: [32mConectou ao Banco de Dados![39m
2025-02-12 16:15:54:1554 = [32minfo[39m: [32mServidor rodando na porta 3333[39m
2025-02-12 16:16:00:160 = [32minfo[39m: [32mConectou ao Banco de Dados![39m
2025-02-12 16:16:00:160 = [32minfo[39m: [32mServidor rodando na porta 3333[39m
2025-02-12 16:16:23:1623 = [32minfo[39m: [32mConectou ao Banco de Dados![39m
2025-02-12 16:16:23:1623 = [32minfo[39m: [32mServidor rodando na porta 3333[39m
2025-02-12 16:17:08:178 = [32minfo[39m: [32mConectou ao Banco de Dados![39m
2025-02-12 16:17:08:178 = [32minfo[39m: [32mServidor rodando na porta 3333[39m
2025-02-12 16:17:17:1717 = [32minfo[39m: [32mConectou ao Banco de Dados![39m
2025-02-12 16:17:17:1717 = [32minfo[39m: [32mServidor rodando na porta 3333[39m
2025-02-12 16:17:26:1726 = [32minfo[39m: [32mConectou ao Banco de Dados![39m
2025-02-12 16:17:26:1726 = [32minfo[39m: [32mServidor rodando na porta 3333[39m
2025-02-12 16:17:30:1730 = [32minfo[39m: [32mConectou ao Banco de Dados![39m
2025-02-12 16:17:30:1730 = [32minfo[39m: [32mServidor rodando na porta 3333[39m
2025-02-12 16:18:31:1831 = [32minfo[39m: [32mConectou ao Banco de Dados![39m
2025-02-12 16:18:31:1831 = [32minfo[39m: [32mServidor rodando na porta 3333[39m
2025-02-12 16:18:33:1833 = [32minfo[39m: [32mConectou ao Banco de Dados![39m
2025-02-12 16:18:33:1833 = [32minfo[39m: [32mServidor rodando na porta 3333[39m
2025-02-12 16:20:19:2019 = [35mhttp[39m: [35mPOST /api/movie/67acf1f816b7295e632a8d2 404 - - response-time ms[39m
[35m[39m
2025-02-12 16:20:24:2024 = [35mhttp[39m: [35mPOST /api/movie/67acf1f816b7295e632a8d2b 404 - - response-time ms[39m
[35m[39m
2025-02-12 16:20:51:2051 = [35mhttp[39m: [35mGET /api/movie/67acf1f816b7295e632a8d2b 404 - - response-time ms[39m
[35m[39m
2025-02-12 16:20:55:2055 = [35mhttp[39m: [35mPOST /api/movie 201 - - response-time ms[39m
[35m[39m
2025-02-12 16:21:08:218 = [35mhttp[39m: [35mGET /api/movie/67acf4964246c08dbf00c215 404 - - response-time ms[39m
[35m[39m
2025-02-12 16:22:38:2238 = [32minfo[39m: [32mConectou ao Banco de Dados![39m
2025-02-12 16:22:38:2238 = [32minfo[39m: [32mServidor rodando na porta 3333[39m
2025-02-12 16:22:50:2250 = [32minfo[39m: [32mConectou ao Banco de Dados![39m
2025-02-12 16:22:50:2250 = [32minfo[39m: [32mServidor rodando na porta 3333[39m
2025-02-12 16:23:46:2346 = [32minfo[39m: [32mConectou ao Banco de Dados![39m
2025-02-12 16:23:46:2346 = [32minfo[39m: [32mServidor rodando na porta 3333[39m
2025-02-12 16:24:17:2417 = [35mhttp[39m: [35mGET /api/movie/67acf4964246c08dbf00c215 - - - response-time ms[39m
[35m[39m
2025-02-12 16:25:46:2546 = [32minfo[39m: [32mConectou ao Banco de Dados![39m
2025-02-12 16:25:46:2546 = [32minfo[39m: [32mServidor rodando na porta 3333[39m
2025-02-12 16:26:22:2622 = [32minfo[39m: [32mConectou ao Banco de Dados![39m
2025-02-12 16:26:22:2622 = [32minfo[39m: [32mServidor rodando na porta 3333[39m
2025-02-12 16:26:22:2622 = [35mhttp[39m: [35mGET /api/movie/67acf4964246c08dbf00c215 200 - - response-time ms[39m
[35m[39m
2025-02-12 16:26:36:2636 = [31merror[39m: [31mErro no sistema: undefined[39m
2025-02-12 16:26:55:2655 = [32minfo[39m: [32mConectou ao Banco de Dados![39m
2025-02-12 16:26:55:2655 = [32minfo[39m: [32mServidor rodando na porta 3333[39m
2025-02-12 16:26:58:2658 = [31merror[39m: [31mErro no sistema: undefined[39m
2025-02-12 16:27:28:2728 = [35mhttp[39m: [35mGET /api/movie/67acf4964246c08dbf00c21 - - - response-time ms[39m
[35m[39m
2025-02-12 16:29:18:2918 = [32minfo[39m: [32mConectou ao Banco de Dados![39m
2025-02-12 16:29:18:2918 = [32minfo[39m: [32mServidor rodando na porta 3333[39m
2025-02-12 16:29:20:2920 = [32minfo[39m: [32mConectou ao Banco de Dados![39m
2025-02-12 16:29:20:2920 = [32minfo[39m: [32mServidor rodando na porta 3333[39m
2025-02-12 16:29:25:2925 = [32minfo[39m: [32mConectou ao Banco de Dados![39m
2025-02-12 16:29:25:2925 = [32minfo[39m: [32mServidor rodando na porta 3333[39m
2025-02-12 16:29:42:2942 = [32minfo[39m: [32mConectou ao Banco de Dados![39m
2025-02-12 16:29:42:2942 = [32minfo[39m: [32mServidor rodando na porta 3333[39m
2025-02-12 16:30:56:3056 = [32minfo[39m: [32mConectou ao Banco de Dados![39m
2025-02-12 16:30:56:3056 = [32minfo[39m: [32mServidor rodando na porta 3333[39m
2025-02-12 16:31:00:310 = [31merror[39m: [31mErro no sistema: Cast to ObjectId failed for value "67acf4964246c08dbf00c21" (type string) at path "_id" for model "movie"[39m
2025-02-12 16:31:00:310 = [35mhttp[39m: [35mGET /api/movie/67acf4964246c08dbf00c21 500 - - response-time ms[39m
[35m[39m
2025-02-12 16:31:04:314 = [35mhttp[39m: [35mGET /api/movie/67acf4964246c08dbf00c215 200 - - response-time ms[39m
[35m[39m
2025-02-12 16:31:16:3116 = [32minfo[39m: [32mConectou ao Banco de Dados![39m
2025-02-12 16:31:16:3116 = [32minfo[39m: [32mServidor rodando na porta 3333[39m
2025-02-12 16:31:17:3117 = [35mhttp[39m: [35mGET /api/movie/67acf4964246c08dbf00c215 200 - - response-time ms[39m
[35m[39m
2025-02-12 16:31:19:3119 = [31merror[39m: [31mErro no sistema: Cast to ObjectId failed for value "67acf4964246c08dbf00c21" (type string) at path "_id" for model "movie"[39m
2025-02-12 16:31:19:3119 = [35mhttp[39m: [35mGET /api/movie/67acf4964246c08dbf00c21 500 - - response-time ms[39m
[35m[39m
2025-02-12 16:31:27:3127 = [32minfo[39m: [32mConectou ao Banco de Dados![39m
2025-02-12 16:31:27:3127 = [32minfo[39m: [32mServidor rodando na porta 3333[39m
2025-02-12 16:31:30:3130 = [32minfo[39m: [32mConectou ao Banco de Dados![39m
2025-02-12 16:31:30:3130 = [32minfo[39m: [32mServidor rodando na porta 3333[39m
2025-02-12 16:32:06:326 = [32minfo[39m: [32mConectou ao Banco de Dados![39m
2025-02-12 16:32:06:326 = [32minfo[39m: [32mServidor rodando na porta 3333[39m
2025-02-12 16:32:12:3212 = [32minfo[39m: [32mConectou ao Banco de Dados![39m
2025-02-12 16:32:12:3212 = [32minfo[39m: [32mServidor rodando na porta 3333[39m
2025-02-12 16:32:14:3214 = [32minfo[39m: [32mConectou ao Banco de Dados![39m
2025-02-12 16:32:14:3214 = [32minfo[39m: [32mServidor rodando na porta 3333[39m
2025-02-12 16:32:23:3223 = [32minfo[39m: [32mConectou ao Banco de Dados![39m
2025-02-12 16:32:23:3223 = [32minfo[39m: [32mServidor rodando na porta 3333[39m
2025-02-12 16:32:29:3229 = [32minfo[39m: [32mConectou ao Banco de Dados![39m
2025-02-12 16:32:29:3229 = [32minfo[39m: [32mServidor rodando na porta 3333[39m
2025-02-12 16:32:37:3237 = [32minfo[39m: [32mConectou ao Banco de Dados![39m
2025-02-12 16:32:37:3237 = [32minfo[39m: [32mServidor rodando na porta 3333[39m
2025-02-12 16:32:39:3239 = [31merror[39m: [31mErro no sistema: undefined[39m
2025-02-12 16:32:39:3239 = [35mhttp[39m: [35mGET /api/movie/67acf4964246c08dbf00c21 500 - - response-time ms[39m
[35m[39m
2025-02-12 16:32:42:3242 = [35mhttp[39m: [35mGET /api/movie/67acf4964246c08dbf00c215 200 - - response-time ms[39m
[35m[39m
2025-02-12 16:32:53:3253 = [32minfo[39m: [32mConectou ao Banco de Dados![39m
2025-02-12 16:32:53:3253 = [32minfo[39m: [32mServidor rodando na porta 3333[39m
2025-02-12 16:33:10:3310 = [31merror[39m: [31mErro no sistema: undefined[39m
2025-02-12 16:33:18:3318 = [31merror[39m: [31mErro no sistema: undefined[39m
2025-02-12 16:33:18:3318 = [35mhttp[39m: [35mGET /api/movie/67acf4964246c08dbf00c21 500 - - response-time ms[39m
[35m[39m
2025-02-12 16:33:19:3319 = [32minfo[39m: [32mConectou ao Banco de Dados![39m
2025-02-12 16:33:19:3319 = [32minfo[39m: [32mServidor rodando na porta 3333[39m
2025-02-12 16:33:21:3321 = [35mhttp[39m: [35mGET /api/movie/67acf4964246c08dbf00c215 200 - - response-time ms[39m
[35m[39m
2025-02-12 16:33:50:3350 = [32minfo[39m: [32mConectou ao Banco de Dados![39m
2025-02-12 16:33:50:3350 = [32minfo[39m: [32mServidor rodando na porta 3333[39m
2025-02-13 10:43:35:4335 = [32minfo[39m: [32mConectou ao Banco de Dados![39m
2025-02-13 10:43:35:4335 = [32minfo[39m: [32mServidor rodando na porta 3333[39m
2025-02-13 10:47:53:4753 = [32minfo[39m: [32mConectou ao Banco de Dados![39m
2025-02-13 10:47:53:4753 = [32minfo[39m: [32mServidor rodando na porta 3333[39m
2025-02-13 10:48:32:4832 = [32minfo[39m: [32mConectou ao Banco de Dados![39m
2025-02-13 10:48:32:4832 = [32minfo[39m: [32mServidor rodando na porta 3333[39m
2025-02-13 10:49:02:492 = [32minfo[39m: [32mConectou ao Banco de Dados![39m
2025-02-13 10:49:02:492 = [32minfo[39m: [32mServidor rodando na porta 3333[39m
2025-02-13 10:49:06:496 = [32minfo[39m: [32mConectou ao Banco de Dados![39m
2025-02-13 10:49:06:496 = [32minfo[39m: [32mServidor rodando na porta 3333[39m
2025-02-13 10:49:09:499 = [32minfo[39m: [32mConectou ao Banco de Dados![39m
2025-02-13 10:49:09:499 = [32minfo[39m: [32mServidor rodando na porta 3333[39m
2025-02-13 10:49:15:4915 = [32minfo[39m: [32mConectou ao Banco de Dados![39m
2025-02-13 10:49:15:4915 = [32minfo[39m: [32mServidor rodando na porta 3333[39m
2025-02-13 10:49:21:4921 = [32minfo[39m: [32mConectou ao Banco de Dados![39m
2025-02-13 10:49:21:4921 = [32minfo[39m: [32mServidor rodando na porta 3333[39m
2025-02-13 10:49:30:4930 = [32minfo[39m: [32mConectou ao Banco de Dados![39m
2025-02-13 10:49:30:4930 = [32minfo[39m: [32mServidor rodando na porta 3333[39m
2025-02-13 10:49:32:4932 = [32minfo[39m: [32mConectou ao Banco de Dados![39m
2025-02-13 10:49:32:4932 = [32minfo[39m: [32mServidor rodando na porta 3333[39m
2025-02-13 10:49:36:4936 = [32minfo[39m: [32mConectou ao Banco de Dados![39m
2025-02-13 10:49:36:4936 = [32minfo[39m: [32mServidor rodando na porta 3333[39m
2025-02-13 10:49:40:4940 = [32minfo[39m: [32mConectou ao Banco de Dados![39m
2025-02-13 10:49:40:4940 = [32minfo[39m: [32mServidor rodando na porta 3333[39m
2025-02-13 10:49:47:4947 = [32minfo[39m: [32mConectou ao Banco de Dados![39m
2025-02-13 10:49:47:4947 = [32minfo[39m: [32mServidor rodando na porta 3333[39m
2025-02-13 10:49:51:4951 = [32minfo[39m: [32mConectou ao Banco de Dados![39m
2025-02-13 10:49:51:4951 = [32minfo[39m: [32mServidor rodando na porta 3333[39m
2025-02-13 10:50:00:500 = [32minfo[39m: [32mConectou ao Banco de Dados![39m
2025-02-13 10:50:00:500 = [32minfo[39m: [32mServidor rodando na porta 3333[39m
2025-02-13 10:50:02:502 = [32minfo[39m: [32mConectou ao Banco de Dados![39m
2025-02-13 10:50:02:502 = [32minfo[39m: [32mServidor rodando na porta 3333[39m
2025-02-13 10:50:14:5014 = [32minfo[39m: [32mConectou ao Banco de Dados![39m
2025-02-13 10:50:14:5014 = [32minfo[39m: [32mServidor rodando na porta 3333[39m
2025-02-13 10:50:21:5021 = [32minfo[39m: [32mConectou ao Banco de Dados![39m
2025-02-13 10:50:21:5021 = [32minfo[39m: [32mServidor rodando na porta 3333[39m
2025-02-13 10:50:27:5027 = [32minfo[39m: [32mConectou ao Banco de Dados![39m
2025-02-13 10:50:27:5027 = [32minfo[39m: [32mServidor rodando na porta 3333[39m
2025-02-13 10:50:31:5031 = [32minfo[39m: [32mConectou ao Banco de Dados![39m
2025-02-13 10:50:31:5031 = [32minfo[39m: [32mServidor rodando na porta 3333[39m
2025-02-13 10:50:33:5033 = [32minfo[39m: [32mConectou ao Banco de Dados![39m
2025-02-13 10:50:33:5033 = [32minfo[39m: [32mServidor rodando na porta 3333[39m
2025-02-13 10:51:12:5112 = [32minfo[39m: [32mConectou ao Banco de Dados![39m
2025-02-13 10:51:12:5112 = [32minfo[39m: [32mServidor rodando na porta 3333[39m
2025-02-13 10:51:18:5118 = [32minfo[39m: [32mConectou ao Banco de Dados![39m
2025-02-13 10:51:18:5118 = [32minfo[39m: [32mServidor rodando na porta 3333[39m
2025-02-13 10:51:21:5121 = [32minfo[39m: [32mConectou ao Banco de Dados![39m
2025-02-13 10:51:21:5121 = [32minfo[39m: [32mServidor rodando na porta 3333[39m
2025-02-13 10:51:25:5125 = [32minfo[39m: [32mConectou ao Banco de Dados![39m
2025-02-13 10:51:25:5125 = [32minfo[39m: [32mServidor rodando na porta 3333[39m
2025-02-13 10:51:32:5132 = [32minfo[39m: [32mConectou ao Banco de Dados![39m
2025-02-13 10:51:32:5132 = [32minfo[39m: [32mServidor rodando na porta 3333[39m
2025-02-13 10:51:34:5134 = [32minfo[39m: [32mConectou ao Banco de Dados![39m
2025-02-13 10:51:34:5134 = [32minfo[39m: [32mServidor rodando na porta 3333[39m
2025-02-13 10:51:38:5138 = [32minfo[39m: [32mConectou ao Banco de Dados![39m
2025-02-13 10:51:38:5138 = [32minfo[39m: [32mServidor rodando na porta 3333[39m
2025-02-13 10:51:52:5152 = [32minfo[39m: [32mConectou ao Banco de Dados![39m
2025-02-13 10:51:52:5152 = [32minfo[39m: [32mServidor rodando na porta 3333[39m
2025-02-13 10:51:54:5154 = [32minfo[39m: [32mConectou ao Banco de Dados![39m
2025-02-13 10:51:54:5154 = [32minfo[39m: [32mServidor rodando na porta 3333[39m
2025-02-13 10:52:26:5226 = [32minfo[39m: [32mConectou ao Banco de Dados![39m
2025-02-13 10:52:26:5226 = [32minfo[39m: [32mServidor rodando na porta 3333[39m
2025-02-13 10:52:27:5227 = [32minfo[39m: [32mConectou ao Banco de Dados![39m
2025-02-13 10:52:27:5227 = [32minfo[39m: [32mServidor rodando na porta 3333[39m
2025-02-13 10:53:49:5349 = [32minfo[39m: [32mConectou ao Banco de Dados![39m
2025-02-13 10:53:49:5349 = [32minfo[39m: [32mServidor rodando na porta 3333[39m
2025-02-13 10:53:53:5353 = [35mhttp[39m: [35mGET /api/movies 200 - - response-time ms[39m
[35m[39m
2025-02-13 10:55:39:5539 = [32minfo[39m: [32mConectou ao Banco de Dados![39m
2025-02-13 10:55:39:5539 = [32minfo[39m: [32mServidor rodando na porta 3333[39m
2025-02-13 10:55:45:5545 = [32minfo[39m: [32mConectou ao Banco de Dados![39m
2025-02-13 10:55:45:5545 = [32minfo[39m: [32mServidor rodando na porta 3333[39m
2025-02-13 10:55:49:5549 = [32minfo[39m: [32mConectou ao Banco de Dados![39m
2025-02-13 10:55:49:5549 = [32minfo[39m: [32mServidor rodando na porta 3333[39m
2025-02-13 10:56:06:566 = [32minfo[39m: [32mConectou ao Banco de Dados![39m
2025-02-13 10:56:06:566 = [32minfo[39m: [32mServidor rodando na porta 3333[39m
2025-02-13 10:56:19:5619 = [32minfo[39m: [32mConectou ao Banco de Dados![39m
2025-02-13 10:56:19:5619 = [32minfo[39m: [32mServidor rodando na porta 3333[39m
2025-02-13 10:56:22:5622 = [32minfo[39m: [32mConectou ao Banco de Dados![39m
2025-02-13 10:56:22:5622 = [32minfo[39m: [32mServidor rodando na porta 3333[39m
2025-02-13 10:56:40:5640 = [32minfo[39m: [32mConectou ao Banco de Dados![39m
2025-02-13 10:56:40:5640 = [32minfo[39m: [32mServidor rodando na porta 3333[39m
2025-02-13 10:56:46:5646 = [32minfo[39m: [32mConectou ao Banco de Dados![39m
2025-02-13 10:56:46:5646 = [32minfo[39m: [32mServidor rodando na porta 3333[39m
2025-02-13 10:56:49:5649 = [32minfo[39m: [32mConectou ao Banco de Dados![39m
2025-02-13 10:56:49:5649 = [32minfo[39m: [32mServidor rodando na porta 3333[39m
2025-02-13 10:56:51:5651 = [32minfo[39m: [32mConectou ao Banco de Dados![39m
2025-02-13 10:56:51:5651 = [32minfo[39m: [32mServidor rodando na porta 3333[39m
2025-02-13 10:56:54:5654 = [32minfo[39m: [32mConectou ao Banco de Dados![39m
2025-02-13 10:56:54:5654 = [32minfo[39m: [32mServidor rodando na porta 3333[39m
2025-02-13 10:57:32:5732 = [32minfo[39m: [32mConectou ao Banco de Dados![39m
2025-02-13 10:57:32:5732 = [32minfo[39m: [32mServidor rodando na porta 3333[39m
2025-02-13 10:57:56:5756 = [32minfo[39m: [32mConectou ao Banco de Dados![39m
2025-02-13 10:57:56:5756 = [32minfo[39m: [32mServidor rodando na porta 3333[39m
2025-02-13 10:57:59:5759 = [32minfo[39m: [32mConectou ao Banco de Dados![39m
2025-02-13 10:58:00:580 = [32minfo[39m: [32mServidor rodando na porta 3333[39m
2025-02-13 10:58:01:581 = [32minfo[39m: [32mConectou ao Banco de Dados![39m
2025-02-13 10:58:01:581 = [32minfo[39m: [32mServidor rodando na porta 3333[39m
2025-02-13 10:58:12:5812 = [32minfo[39m: [32mConectou ao Banco de Dados![39m
2025-02-13 10:58:12:5812 = [32minfo[39m: [32mServidor rodando na porta 3333[39m
2025-02-13 10:58:14:5814 = [32minfo[39m: [32mConectou ao Banco de Dados![39m
2025-02-13 10:58:14:5814 = [32minfo[39m: [32mServidor rodando na porta 3333[39m
2025-02-13 10:58:32:5832 = [32minfo[39m: [32mConectou ao Banco de Dados![39m
2025-02-13 10:58:32:5832 = [32minfo[39m: [32mServidor rodando na porta 3333[39m
2025-02-13 10:58:37:5837 = [32minfo[39m: [32mConectou ao Banco de Dados![39m
2025-02-13 10:58:37:5837 = [32minfo[39m: [32mServidor rodando na porta 3333[39m
2025-02-13 10:58:40:5840 = [32minfo[39m: [32mConectou ao Banco de Dados![39m
2025-02-13 10:58:40:5840 = [32minfo[39m: [32mServidor rodando na porta 3333[39m
2025-02-13 10:59:01:591 = [32minfo[39m: [32mConectou ao Banco de Dados![39m
2025-02-13 10:59:01:591 = [32minfo[39m: [32mServidor rodando na porta 3333[39m
2025-02-13 10:59:04:594 = [32minfo[39m: [32mConectou ao Banco de Dados![39m
2025-02-13 10:59:04:594 = [32minfo[39m: [32mServidor rodando na porta 3333[39m
2025-02-13 10:59:15:5915 = [32minfo[39m: [32mConectou ao Banco de Dados![39m
2025-02-13 10:59:15:5915 = [32minfo[39m: [32mServidor rodando na porta 3333[39m
2025-02-13 10:59:17:5917 = [32minfo[39m: [32mConectou ao Banco de Dados![39m
2025-02-13 10:59:17:5917 = [32minfo[39m: [32mServidor rodando na porta 3333[39m
2025-02-13 10:59:38:5938 = [32minfo[39m: [32mConectou ao Banco de Dados![39m
2025-02-13 10:59:38:5938 = [32minfo[39m: [32mServidor rodando na porta 3333[39m
2025-02-13 10:59:42:5942 = [32minfo[39m: [32mConectou ao Banco de Dados![39m
2025-02-13 10:59:42:5942 = [32minfo[39m: [32mServidor rodando na porta 3333[39m
2025-02-13 10:59:51:5951 = [32minfo[39m: [32mConectou ao Banco de Dados![39m
2025-02-13 10:59:51:5951 = [32minfo[39m: [32mServidor rodando na porta 3333[39m
2025-02-13 10:59:55:5955 = [32minfo[39m: [32mConectou ao Banco de Dados![39m
2025-02-13 10:59:55:5955 = [32minfo[39m: [32mServidor rodando na porta 3333[39m
2025-02-13 11:00:01:01 = [32minfo[39m: [32mConectou ao Banco de Dados![39m
2025-02-13 11:00:01:01 = [32minfo[39m: [32mServidor rodando na porta 3333[39m
2025-02-13 11:00:07:07 = [32minfo[39m: [32mConectou ao Banco de Dados![39m
2025-02-13 11:00:07:07 = [32minfo[39m: [32mServidor rodando na porta 3333[39m
2025-02-13 11:00:13:013 = [32minfo[39m: [32mConectou ao Banco de Dados![39m
2025-02-13 11:00:13:013 = [32minfo[39m: [32mServidor rodando na porta 3333[39m
2025-02-13 11:00:15:015 = [32minfo[39m: [32mConectou ao Banco de Dados![39m
2025-02-13 11:00:15:015 = [32minfo[39m: [32mServidor rodando na porta 3333[39m
2025-02-13 11:00:21:021 = [32minfo[39m: [32mConectou ao Banco de Dados![39m
2025-02-13 11:00:21:021 = [32minfo[39m: [32mServidor rodando na porta 3333[39m
2025-02-13 11:00:23:023 = [32minfo[39m: [32mConectou ao Banco de Dados![39m
2025-02-13 11:00:23:023 = [32minfo[39m: [32mServidor rodando na porta 3333[39m
2025-02-13 11:00:29:029 = [32minfo[39m: [32mConectou ao Banco de Dados![39m
2025-02-13 11:00:29:029 = [32minfo[39m: [32mServidor rodando na porta 3333[39m
2025-02-13 11:00:34:034 = [32minfo[39m: [32mConectou ao Banco de Dados![39m
2025-02-13 11:00:34:034 = [32minfo[39m: [32mServidor rodando na porta 3333[39m
2025-02-13 11:00:36:036 = [32minfo[39m: [32mConectou ao Banco de Dados![39m
2025-02-13 11:00:36:036 = [32minfo[39m: [32mServidor rodando na porta 3333[39m
2025-02-13 11:00:39:039 = [32minfo[39m: [32mConectou ao Banco de Dados![39m
2025-02-13 11:00:39:039 = [32minfo[39m: [32mServidor rodando na porta 3333[39m
2025-02-13 11:00:45:045 = [32minfo[39m: [32mConectou ao Banco de Dados![39m
2025-02-13 11:00:45:045 = [32minfo[39m: [32mServidor rodando na porta 3333[39m
2025-02-13 11:00:51:051 = [32minfo[39m: [32mConectou ao Banco de Dados![39m
2025-02-13 11:00:51:051 = [32minfo[39m: [32mServidor rodando na porta 3333[39m
2025-02-13 11:01:03:13 = [32minfo[39m: [32mConectou ao Banco de Dados![39m
2025-02-13 11:01:03:13 = [32minfo[39m: [32mServidor rodando na porta 3333[39m
2025-02-13 11:01:33:133 = [32minfo[39m: [32mConectou ao Banco de Dados![39m
2025-02-13 11:01:33:133 = [32minfo[39m: [32mServidor rodando na porta 3333[39m
2025-02-13 11:01:36:136 = [32minfo[39m: [32mConectou ao Banco de Dados![39m
2025-02-13 11:01:36:136 = [32minfo[39m: [32mServidor rodando na porta 3333[39m
2025-02-13 11:01:39:139 = [32minfo[39m: [32mConectou ao Banco de Dados![39m
2025-02-13 11:01:39:139 = [32minfo[39m: [32mServidor rodando na porta 3333[39m
2025-02-13 11:01:44:144 = [32minfo[39m: [32mConectou ao Banco de Dados![39m
2025-02-13 11:01:44:144 = [32minfo[39m: [32mServidor rodando na porta 3333[39m
2025-02-13 11:01:47:147 = [32minfo[39m: [32mConectou ao Banco de Dados![39m
2025-02-13 11:01:47:147 = [32minfo[39m: [32mServidor rodando na porta 3333[39m
2025-02-13 11:01:54:154 = [32minfo[39m: [32mConectou ao Banco de Dados![39m
2025-02-13 11:01:54:154 = [32minfo[39m: [32mServidor rodando na porta 3333[39m
2025-02-13 11:01:59:159 = [32minfo[39m: [32mConectou ao Banco de Dados![39m
2025-02-13 11:01:59:159 = [32minfo[39m: [32mServidor rodando na porta 3333[39m
2025-02-13 11:02:59:259 = [32minfo[39m: [32mConectou ao Banco de Dados![39m
2025-02-13 11:02:59:259 = [32minfo[39m: [32mServidor rodando na porta 3333[39m
2025-02-13 11:03:02:32 = [32minfo[39m: [32mConectou ao Banco de Dados![39m
2025-02-13 11:03:02:32 = [32minfo[39m: [32mServidor rodando na porta 3333[39m
2025-02-13 11:03:06:36 = [32minfo[39m: [32mConectou ao Banco de Dados![39m
2025-02-13 11:03:06:36 = [32minfo[39m: [32mServidor rodando na porta 3333[39m
2025-02-13 11:03:09:39 = [32minfo[39m: [32mConectou ao Banco de Dados![39m
2025-02-13 11:03:09:39 = [32minfo[39m: [32mServidor rodando na porta 3333[39m
2025-02-13 11:03:18:318 = [32minfo[39m: [32mConectou ao Banco de Dados![39m
2025-02-13 11:03:18:318 = [32minfo[39m: [32mServidor rodando na porta 3333[39m
2025-02-13 11:03:36:336 = [32minfo[39m: [32mConectou ao Banco de Dados![39m
2025-02-13 11:03:36:336 = [32minfo[39m: [32mServidor rodando na porta 3333[39m
2025-02-13 11:03:38:338 = [32minfo[39m: [32mConectou ao Banco de Dados![39m
2025-02-13 11:03:38:338 = [32minfo[39m: [32mServidor rodando na porta 3333[39m
2025-02-13 11:03:41:341 = [31merror[39m: [31mErro no sistema: Cannot set headers after they are sent to the client[39m
2025-02-13 11:03:41:341 = [35mhttp[39m: [35mDELETE /api/movie/67ace58cc33a68fe47462d35 500 - - response-time ms[39m
[35m[39m
2025-02-13 11:04:55:455 = [32minfo[39m: [32mConectou ao Banco de Dados![39m
2025-02-13 11:04:55:455 = [32minfo[39m: [32mServidor rodando na porta 3333[39m
2025-02-13 11:05:03:53 = [35mhttp[39m: [35mGET /api/movies 200 - - response-time ms[39m
[35m[39m
2025-02-13 11:05:49:549 = [31merror[39m: [31mErro no sistema: Cannot set headers after they are sent to the client[39m
2025-02-13 11:05:49:549 = [35mhttp[39m: [35mDELETE /api/movie/67ace58cc33a68fe47462d35 500 - - response-time ms[39m
[35m[39m
2025-02-13 11:08:57:857 = [32minfo[39m: [32mConectou ao Banco de Dados![39m
2025-02-13 11:08:57:857 = [32minfo[39m: [32mServidor rodando na porta 3333[39m
2025-02-13 11:09:27:927 = [32minfo[39m: [32mConectou ao Banco de Dados![39m
2025-02-13 11:09:27:927 = [32minfo[39m: [32mServidor rodando na porta 3333[39m
2025-02-13 11:09:36:936 = [35mhttp[39m: [35mDELETE /api/movie/67ace58cc33a68fe47462d35 200 - - response-time ms[39m
[35m[39m
2025-02-13 11:09:41:941 = [35mhttp[39m: [35mGET /api/movies 200 - - response-time ms[39m
[35m[39m
2025-02-13 11:11:02:112 = [32minfo[39m: [32mConectou ao Banco de Dados![39m
2025-02-13 11:11:02:112 = [32minfo[39m: [32mServidor rodando na porta 3333[39m
2025-02-13 11:11:11:1111 = [32minfo[39m: [32mConectou ao Banco de Dados![39m
2025-02-13 11:11:11:1111 = [32minfo[39m: [32mServidor rodando na porta 3333[39m
2025-02-13 11:11:33:1133 = [35mhttp[39m: [35mGET /api/movies 200 - - response-time ms[39m
[35m[39m
2025-02-13 11:11:41:1141 = [31merror[39m: [31mErro no sistema: Cast to ObjectId failed for value "67ace58cc33a68fe47462d3" (type string) at path "_id" for model "movie"[39m
2025-02-13 11:11:41:1141 = [35mhttp[39m: [35mDELETE /api/movie/67ace58cc33a68fe47462d3 500 - - response-time ms[39m
[35m[39m
2025-02-13 11:12:15:1215 = [31merror[39m: [31mErro no sistema: Cast to ObjectId failed for value "67ace58cc33a68fe47462d3" (type string) at path "_id" for model "movie"[39m
2025-02-13 11:12:15:1215 = [35mhttp[39m: [35mDELETE /api/movie/67ace58cc33a68fe47462d3 500 - - response-time ms[39m
[35m[39m
2025-02-13 11:12:16:1216 = [32minfo[39m: [32mConectou ao Banco de Dados![39m
2025-02-13 11:12:16:1216 = [32minfo[39m: [32mServidor rodando na porta 3333[39m
2025-02-13 11:12:23:1223 = [31merror[39m: [31mErro no sistema: movie.delete is not a function[39m
2025-02-13 11:12:23:1223 = [35mhttp[39m: [35mDELETE /api/movie/67ace58cc33a68fe47462d35 500 - - response-time ms[39m
[35m[39m
2025-02-13 11:12:28:1228 = [31merror[39m: [31mErro no sistema: movie.delete is not a function[39m
2025-02-13 11:12:28:1228 = [35mhttp[39m: [35mDELETE /api/movie/67ace58cc33a68fe47462d35 500 - - response-time ms[39m
[35m[39m
2025-02-13 11:12:32:1232 = [35mhttp[39m: [35mGET /api/movies 200 - - response-time ms[39m
[35m[39m
2025-02-13 11:12:39:1239 = [31merror[39m: [31mErro no sistema: movie.delete is not a function[39m
2025-02-13 11:12:39:1239 = [35mhttp[39m: [35mDELETE /api/movie/67ace58cc33a68fe47462d35 500 - - response-time ms[39m
[35m[39m
2025-02-13 11:14:42:1442 = [32minfo[39m: [32mConectou ao Banco de Dados![39m
2025-02-13 11:14:42:1442 = [32minfo[39m: [32mServidor rodando na porta 3333[39m
2025-02-13 11:14:43:1443 = [32minfo[39m: [32mConectou ao Banco de Dados![39m
2025-02-13 11:14:43:1443 = [32minfo[39m: [32mServidor rodando na porta 3333[39m
2025-02-13 11:14:53:1453 = [31merror[39m: [31mErro no sistema: movie.remove is not a function[39m
2025-02-13 11:14:53:1453 = [35mhttp[39m: [35mDELETE /api/movie/67ace58cc33a68fe47462d35 500 - - response-time ms[39m
[35m[39m
2025-02-13 11:16:00:160 = [32minfo[39m: [32mConectou ao Banco de Dados![39m
2025-02-13 11:16:00:160 = [32minfo[39m: [32mServidor rodando na porta 3333[39m
2025-02-13 11:16:02:162 = [32minfo[39m: [32mConectou ao Banco de Dados![39m
2025-02-13 11:16:02:162 = [32minfo[39m: [32mServidor rodando na porta 3333[39m
2025-02-13 11:16:07:167 = [32minfo[39m: [32mConectou ao Banco de Dados![39m
2025-02-13 11:16:07:167 = [32minfo[39m: [32mServidor rodando na porta 3333[39m
2025-02-13 11:16:11:1611 = [32minfo[39m: [32mConectou ao Banco de Dados![39m
2025-02-13 11:16:11:1611 = [32minfo[39m: [32mServidor rodando na porta 3333[39m
2025-02-13 11:16:13:1613 = [32minfo[39m: [32mConectou ao Banco de Dados![39m
2025-02-13 11:16:13:1613 = [32minfo[39m: [32mServidor rodando na porta 3333[39m
2025-02-13 11:16:19:1619 = [31merror[39m: [31mErro no sistema: Cast to ObjectId failed for value "67ace58cc33a68fe47462d3" (type string) at path "_id" for model "movie"[39m
2025-02-13 11:16:19:1619 = [35mhttp[39m: [35mDELETE /api/movie/67ace58cc33a68fe47462d3 500 - - response-time ms[39m
[35m[39m
2025-02-13 11:16:23:1623 = [35mhttp[39m: [35mDELETE /api/movie/67ace58cc33a68fe47462d35 200 - - response-time ms[39m
[35m[39m
2025-02-13 11:16:26:1626 = [35mhttp[39m: [35mGET /api/movies 200 - - response-time ms[39m
[35m[39m
2025-02-13 11:18:18:1818 = [32minfo[39m: [32mConectou ao Banco de Dados![39m
2025-02-13 11:18:18:1818 = [32minfo[39m: [32mServidor rodando na porta 3333[39m
2025-02-13 11:18:24:1824 = [32minfo[39m: [32mConectou ao Banco de Dados![39m
2025-02-13 11:18:24:1824 = [32minfo[39m: [32mServidor rodando na porta 3333[39m
2025-02-13 11:19:16:1916 = [32minfo[39m: [32mConectou ao Banco de Dados![39m
2025-02-13 11:19:16:1916 = [32minfo[39m: [32mServidor rodando na porta 3333[39m
2025-02-13 11:19:54:1954 = [32minfo[39m: [32mConectou ao Banco de Dados![39m
2025-02-13 11:19:54:1954 = [32minfo[39m: [32mServidor rodando na porta 3333[39m
2025-02-13 11:20:04:204 = [32minfo[39m: [32mConectou ao Banco de Dados![39m
2025-02-13 11:20:04:204 = [32minfo[39m: [32mServidor rodando na porta 3333[39m
2025-02-13 11:20:23:2023 = [32minfo[39m: [32mConectou ao Banco de Dados![39m
2025-02-13 11:20:23:2023 = [32minfo[39m: [32mServidor rodando na porta 3333[39m
2025-02-13 11:20:25:2025 = [32minfo[39m: [32mConectou ao Banco de Dados![39m
2025-02-13 11:20:25:2025 = [32minfo[39m: [32mServidor rodando na porta 3333[39m
2025-02-13 11:21:01:211 = [32minfo[39m: [32mConectou ao Banco de Dados![39m
2025-02-13 11:21:01:211 = [32minfo[39m: [32mServidor rodando na porta 3333[39m
2025-02-13 11:21:05:215 = [32minfo[39m: [32mConectou ao Banco de Dados![39m
2025-02-13 11:21:05:215 = [32minfo[39m: [32mServidor rodando na porta 3333[39m
2025-02-13 11:21:14:2114 = [32minfo[39m: [32mConectou ao Banco de Dados![39m
2025-02-13 11:21:14:2114 = [32minfo[39m: [32mServidor rodando na porta 3333[39m
2025-02-13 11:21:19:2119 = [32minfo[39m: [32mConectou ao Banco de Dados![39m
2025-02-13 11:21:19:2119 = [32minfo[39m: [32mServidor rodando na porta 3333[39m
2025-02-13 11:21:22:2122 = [32minfo[39m: [32mConectou ao Banco de Dados![39m
2025-02-13 11:21:22:2122 = [32minfo[39m: [32mServidor rodando na porta 3333[39m
2025-02-13 11:21:31:2131 = [32minfo[39m: [32mConectou ao Banco de Dados![39m
2025-02-13 11:21:31:2131 = [32minfo[39m: [32mServidor rodando na porta 3333[39m
2025-02-13 11:21:33:2133 = [32minfo[39m: [32mConectou ao Banco de Dados![39m
2025-02-13 11:21:33:2133 = [32minfo[39m: [32mServidor rodando na porta 3333[39m
2025-02-13 11:21:39:2139 = [32minfo[39m: [32mConectou ao Banco de Dados![39m
2025-02-13 11:21:39:2139 = [32minfo[39m: [32mServidor rodando na porta 3333[39m
2025-02-13 11:21:45:2145 = [32minfo[39m: [32mConectou ao Banco de Dados![39m
2025-02-13 11:21:45:2145 = [32minfo[39m: [32mServidor rodando na porta 3333[39m
2025-02-13 11:21:54:2154 = [32minfo[39m: [32mConectou ao Banco de Dados![39m
2025-02-13 11:21:54:2154 = [32minfo[39m: [32mServidor rodando na porta 3333[39m
2025-02-13 11:21:58:2158 = [32minfo[39m: [32mConectou ao Banco de Dados![39m
2025-02-13 11:21:58:2158 = [32minfo[39m: [32mServidor rodando na porta 3333[39m
2025-02-13 11:22:02:222 = [32minfo[39m: [32mConectou ao Banco de Dados![39m
2025-02-13 11:22:02:222 = [32minfo[39m: [32mServidor rodando na porta 3333[39m
2025-02-13 11:22:10:2210 = [32minfo[39m: [32mConectou ao Banco de Dados![39m
2025-02-13 11:22:10:2210 = [32minfo[39m: [32mServidor rodando na porta 3333[39m
2025-02-13 11:22:12:2212 = [32minfo[39m: [32mConectou ao Banco de Dados![39m
2025-02-13 11:22:12:2212 = [32minfo[39m: [32mServidor rodando na porta 3333[39m
2025-02-13 11:22:24:2224 = [32minfo[39m: [32mConectou ao Banco de Dados![39m
2025-02-13 11:22:24:2224 = [32minfo[39m: [32mServidor rodando na porta 3333[39m
2025-02-13 11:22:28:2228 = [32minfo[39m: [32mConectou ao Banco de Dados![39m
2025-02-13 11:22:28:2228 = [32minfo[39m: [32mServidor rodando na porta 3333[39m
2025-02-13 11:22:35:2235 = [32minfo[39m: [32mConectou ao Banco de Dados![39m
2025-02-13 11:22:35:2235 = [32minfo[39m: [32mServidor rodando na porta 3333[39m
2025-02-13 11:24:11:2411 = [35mhttp[39m: [35mPATCH /api/movie/67ace339e25d4c52ce07b10b 404 - - response-time ms[39m
[35m[39m
2025-02-13 11:24:36:2436 = [32minfo[39m: [32mConectou ao Banco de Dados![39m
2025-02-13 11:24:36:2436 = [32minfo[39m: [32mServidor rodando na porta 3333[39m
2025-02-13 11:24:39:2439 = [32minfo[39m: [32mConectou ao Banco de Dados![39m
2025-02-13 11:24:39:2439 = [32minfo[39m: [32mServidor rodando na porta 3333[39m
2025-02-13 11:24:40:2440 = [35mhttp[39m: [35mPATCH /api/movie/67ace339e25d4c52ce07b10b 404 - - response-time ms[39m
[35m[39m
2025-02-13 11:24:41:2441 = [32minfo[39m: [32mConectou ao Banco de Dados![39m
2025-02-13 11:24:41:2441 = [32minfo[39m: [32mServidor rodando na porta 3333[39m
2025-02-13 11:24:43:2443 = [35mhttp[39m: [35mPATCH /api/movie/67ace339e25d4c52ce07b10b 404 - - response-time ms[39m
[35m[39m
2025-02-13 11:24:59:2459 = [32minfo[39m: [32mConectou ao Banco de Dados![39m
2025-02-13 11:24:59:2459 = [32minfo[39m: [32mServidor rodando na porta 3333[39m
2025-02-13 11:25:22:2522 = [32minfo[39m: [32mConectou ao Banco de Dados![39m
2025-02-13 11:25:22:2522 = [32minfo[39m: [32mServidor rodando na porta 3333[39m
2025-02-13 11:25:25:2525 = [32minfo[39m: [32mConectou ao Banco de Dados![39m
2025-02-13 11:25:25:2525 = [32minfo[39m: [32mServidor rodando na porta 3333[39m
2025-02-13 11:25:31:2531 = [32minfo[39m: [32mConectou ao Banco de Dados![39m
2025-02-13 11:25:31:2531 = [32minfo[39m: [32mServidor rodando na porta 3333[39m
2025-02-13 11:25:33:2533 = [32minfo[39m: [32mConectou ao Banco de Dados![39m
2025-02-13 11:25:33:2533 = [32minfo[39m: [32mServidor rodando na porta 3333[39m
2025-02-13 11:25:36:2536 = [32minfo[39m: [32mConectou ao Banco de Dados![39m
2025-02-13 11:25:36:2536 = [32minfo[39m: [32mServidor rodando na porta 3333[39m
2025-02-13 11:25:43:2543 = [32minfo[39m: [32mConectou ao Banco de Dados![39m
2025-02-13 11:25:43:2543 = [32minfo[39m: [32mServidor rodando na porta 3333[39m
2025-02-13 11:25:55:2555 = [32minfo[39m: [32mConectou ao Banco de Dados![39m
2025-02-13 11:25:55:2555 = [32minfo[39m: [32mServidor rodando na porta 3333[39m
2025-02-13 11:26:25:2625 = [35mhttp[39m: [35mPATCH /api/movie/67ace339e25d4c52ce07b10b - - - response-time ms[39m
[35m[39m
2025-02-13 11:27:30:2730 = [32minfo[39m: [32mConectou ao Banco de Dados![39m
2025-02-13 11:27:30:2730 = [32minfo[39m: [32mServidor rodando na porta 3333[39m
2025-02-13 11:27:33:2733 = [32minfo[39m: [32mConectou ao Banco de Dados![39m
2025-02-13 11:27:33:2733 = [32minfo[39m: [32mServidor rodando na porta 3333[39m
2025-02-13 11:27:36:2736 = [32minfo[39m: [32mConectou ao Banco de Dados![39m
2025-02-13 11:27:36:2736 = [32minfo[39m: [32mServidor rodando na porta 3333[39m
2025-02-13 11:27:41:2741 = [32minfo[39m: [32mConectou ao Banco de Dados![39m
2025-02-13 11:27:41:2741 = [32minfo[39m: [32mServidor rodando na porta 3333[39m
2025-02-13 11:27:44:2744 = [32minfo[39m: [32mConectou ao Banco de Dados![39m
2025-02-13 11:27:44:2744 = [32minfo[39m: [32mServidor rodando na porta 3333[39m
2025-02-13 11:27:46:2746 = [32minfo[39m: [32mConectou ao Banco de Dados![39m
2025-02-13 11:27:46:2746 = [32minfo[39m: [32mServidor rodando na porta 3333[39m
2025-02-13 11:27:51:2751 = [32minfo[39m: [32mConectou ao Banco de Dados![39m
2025-02-13 11:27:51:2751 = [32minfo[39m: [32mServidor rodando na porta 3333[39m
2025-02-13 11:28:05:285 = [32minfo[39m: [32mConectou ao Banco de Dados![39m
2025-02-13 11:28:05:285 = [32minfo[39m: [32mServidor rodando na porta 3333[39m
2025-02-13 11:28:09:289 = [32minfo[39m: [32mConectou ao Banco de Dados![39m
2025-02-13 11:28:09:289 = [32minfo[39m: [32mServidor rodando na porta 3333[39m
2025-02-13 11:28:14:2814 = [32minfo[39m: [32mConectou ao Banco de Dados![39m
2025-02-13 11:28:14:2814 = [32minfo[39m: [32mServidor rodando na porta 3333[39m
2025-02-13 11:29:21:2921 = [32minfo[39m: [32mConectou ao Banco de Dados![39m
2025-02-13 11:29:21:2921 = [32minfo[39m: [32mServidor rodando na porta 3333[39m
2025-02-13 11:32:27:3227 = [35mhttp[39m: [35mPATCH /api/movie/67acf4964246c08dbf00c215 200 - - response-time ms[39m
[35m[39m
2025-02-13 11:32:36:3236 = [35mhttp[39m: [35mPATCH /api/movie/67acf4964246c08dbf00c215 200 - - response-time ms[39m
[35m[39m
2025-02-13 11:32:45:3245 = [35mhttp[39m: [35mPATCH /api/movie/67acf4964246c08dbf00c215 422 - - response-time ms[39m
[35m[39m
2025-02-13 11:32:54:3254 = [35mhttp[39m: [35mPATCH /api/movie/67acf4964246c08dbf00c215 200 - - response-time ms[39m
[35m[39m
2025-02-13 11:33:45:3345 = [35mhttp[39m: [35mPATCH /api/movie/67acf4964246c08dbf00c215 422 - - response-time ms[39m
[35m[39m
2025-02-13 11:34:20:3420 = [32minfo[39m: [32mConectou ao Banco de Dados![39m
2025-02-13 11:34:20:3420 = [32minfo[39m: [32mServidor rodando na porta 3333[39m
2025-02-13 11:37:45:3745 = [32minfo[39m: [32mConectou ao Banco de Dados![39m
2025-02-13 11:37:45:3745 = [32minfo[39m: [32mServidor rodando na porta 3333[39m
2025-02-13 11:38:16:3816 = [32minfo[39m: [32mConectou ao Banco de Dados![39m
2025-02-13 11:38:16:3816 = [32minfo[39m: [32mServidor rodando na porta 3333[39m
2025-02-13 11:38:26:3826 = [32minfo[39m: [32mConectou ao Banco de Dados![39m
2025-02-13 11:38:26:3826 = [32minfo[39m: [32mServidor rodando na porta 3333[39m
2025-02-13 11:38:29:3829 = [32minfo[39m: [32mConectou ao Banco de Dados![39m
2025-02-13 11:38:29:3829 = [32minfo[39m: [32mServidor rodando na porta 3333[39m
2025-02-13 11:38:50:3850 = [35mhttp[39m: [35mPATCH /api/movie/67acf4964246c08dbf00c215 200 - - response-time ms[39m
[35m[39m
2025-02-13 11:38:56:3856 = [35mhttp[39m: [35mPATCH /api/movie/67acf4964246c08dbf00c215 422 - - response-time ms[39m
[35m[39m
2025-02-13 11:39:13:3913 = [35mhttp[39m: [35mPATCH /api/movie/67acf4964246c08dbf00c215 200 - - response-time ms[39m
[35m[39m
2025-02-13 11:42:55:4255 = [32minfo[39m: [32mConectou ao Banco de Dados![39m
2025-02-13 11:42:55:4255 = [32minfo[39m: [32mServidor rodando na porta 3333[39m
2025-02-13 11:42:57:4257 = [32minfo[39m: [32mConectou ao Banco de Dados![39m
2025-02-13 11:42:57:4257 = [32minfo[39m: [32mServidor rodando na porta 3333[39m
2025-02-13 11:42:59:4259 = [32minfo[39m: [32mConectou ao Banco de Dados![39m
2025-02-13 11:42:59:4259 = [32minfo[39m: [32mServidor rodando na porta 3333[39m
2025-02-13 11:43:09:439 = [32minfo[39m: [32mConectou ao Banco de Dados![39m
2025-02-13 11:43:09:439 = [32minfo[39m: [32mServidor rodando na porta 3333[39m
2025-02-13 11:43:48:4348 = [32minfo[39m: [32mConectou ao Banco de Dados![39m
2025-02-13 11:43:48:4348 = [32minfo[39m: [32mServidor rodando na porta 3333[39m
2025-02-13 11:43:57:4357 = [32minfo[39m: [32mConectou ao Banco de Dados![39m
2025-02-13 11:43:57:4357 = [32minfo[39m: [32mServidor rodando na porta 3333[39m
2025-02-13 11:44:03:443 = [32minfo[39m: [32mConectou ao Banco de Dados![39m
2025-02-13 11:44:03:443 = [32minfo[39m: [32mServidor rodando na porta 3333[39m
2025-02-13 11:44:17:4417 = [32minfo[39m: [32mConectou ao Banco de Dados![39m
2025-02-13 11:44:17:4417 = [32minfo[39m: [32mServidor rodando na porta 3333[39m
2025-02-13 11:48:08:488 = [32minfo[39m: [32mConectou ao Banco de Dados![39m
2025-02-13 11:48:08:488 = [32minfo[39m: [32mServidor rodando na porta 3333[39m
2025-02-13 11:48:25:4825 = [32minfo[39m: [32mConectou ao Banco de Dados![39m
2025-02-13 11:48:25:4825 = [32minfo[39m: [32mServidor rodando na porta 3333[39m
2025-02-13 11:50:54:5054 = [32minfo[39m: [32mConectou ao Banco de Dados![39m
2025-02-13 11:50:54:5054 = [32minfo[39m: [32mServidor rodando na porta 3333[39m
2025-02-13 11:53:16:5316 = [32minfo[39m: [32mConectou ao Banco de Dados![39m
2025-02-13 11:53:17:5317 = [32minfo[39m: [32mServidor rodando na porta 3333[39m
2025-02-13 11:53:59:5359 = [32minfo[39m: [32mConectou ao Banco de Dados![39m
2025-02-13 11:53:59:5359 = [32minfo[39m: [32mServidor rodando na porta 3333[39m
2025-02-13 11:54:02:542 = [32minfo[39m: [32mConectou ao Banco de Dados![39m
2025-02-13 11:54:02:542 = [32minfo[39m: [32mServidor rodando na porta 3333[39m
2025-02-13 12:17:13:1713 = [32minfo[39m: [32mConectou ao Banco de Dados![39m
2025-02-13 12:17:13:1713 = [32minfo[39m: [32mServidor rodando na porta 3333[39m
2025-02-13 12:23:45:2345 = [32minfo[39m: [32mConectou ao Banco de Dados![39m
2025-02-13 12:23:45:2345 = [32minfo[39m: [32mServidor rodando na porta 3333[39m
2025-02-13 12:24:15:2415 = [32minfo[39m: [32mConectou ao Banco de Dados![39m
2025-02-13 12:24:15:2415 = [32minfo[39m: [32mServidor rodando na porta 3333[39m
2025-02-13 12:24:32:2432 = [32minfo[39m: [32mConectou ao Banco de Dados![39m
2025-02-13 12:24:32:2432 = [32minfo[39m: [32mServidor rodando na porta 3333[39m
2025-02-13 12:24:43:2443 = [32minfo[39m: [32mConectou ao Banco de Dados![39m
2025-02-13 12:24:43:2443 = [32minfo[39m: [32mServidor rodando na porta 3333[39m
2025-02-13 12:25:45:2545 = [32minfo[39m: [32mConectou ao Banco de Dados![39m
2025-02-13 12:25:45:2545 = [32minfo[39m: [32mServidor rodando na porta 3333[39m
2025-02-13 12:26:15:2615 = [32minfo[39m: [32mConectou ao Banco de Dados![39m
2025-02-13 12:26:15:2615 = [32minfo[39m: [32mServidor rodando na porta 3333[39m
2025-02-13 12:26:41:2641 = [32minfo[39m: [32mConectou ao Banco de Dados![39m
2025-02-13 12:26:41:2641 = [32minfo[39m: [32mServidor rodando na porta 3333[39m
2025-02-13 12:26:48:2648 = [32minfo[39m: [32mConectou ao Banco de Dados![39m
2025-02-13 12:26:48:2648 = [32minfo[39m: [32mServidor rodando na porta 3333[39m
2025-02-13 12:28:13:2813 = [35mhttp[39m: [35mPOST /api/movie 422 - - response-time ms[39m
[35m[39m
2025-02-13 12:28:42:2842 = [35mhttp[39m: [35mPOST /api/movie 201 - - response-time ms[39m
[35m[39m
2025-02-13 12:29:42:2942 = [32minfo[39m: [32mConectou ao Banco de Dados![39m
2025-02-13 12:29:42:2942 = [32minfo[39m: [32mServidor rodando na porta 3333[39m
2025-02-13 12:31:22:3122 = [32minfo[39m: [32mConectou ao Banco de Dados![39m
2025-02-13 12:31:22:3122 = [32minfo[39m: [32mServidor rodando na porta 3333[39m
2025-02-13 12:32:24:3224 = [32minfo[39m: [32mConectou ao Banco de Dados![39m
2025-02-13 12:32:24:3224 = [32minfo[39m: [32mServidor rodando na porta 3333[39m
2025-02-13 12:32:44:3244 = [32minfo[39m: [32mConectou ao Banco de Dados![39m
2025-02-13 12:32:44:3244 = [32minfo[39m: [32mServidor rodando na porta 3333[39m
2025-02-13 12:33:54:3354 = [32minfo[39m: [32mConectou ao Banco de Dados![39m
2025-02-13 12:33:54:3354 = [32minfo[39m: [32mServidor rodando na porta 3333[39m
2025-02-13 12:34:03:343 = [32minfo[39m: [32mConectou ao Banco de Dados![39m
2025-02-13 12:34:03:343 = [32minfo[39m: [32mServidor rodando na porta 3333[39m
2025-02-13 12:34:21:3421 = [32minfo[39m: [32mConectou ao Banco de Dados![39m
2025-02-13 12:34:21:3421 = [32minfo[39m: [32mServidor rodando na porta 3333[39m
2025-02-13 12:35:14:3514 = [32minfo[39m: [32mConectou ao Banco de Dados![39m
2025-02-13 12:35:14:3514 = [32minfo[39m: [32mServidor rodando na porta 3333[39m
2025-02-13 12:36:20:3620 = [32minfo[39m: [32mConectou ao Banco de Dados![39m
2025-02-13 12:36:20:3620 = [32minfo[39m: [32mServidor rodando na porta 3333[39m
2025-02-13 12:37:10:3710 = [32minfo[39m: [32mConectou ao Banco de Dados![39m
2025-02-13 12:37:10:3710 = [32minfo[39m: [32mServidor rodando na porta 3333[39m
2025-02-13 12:37:24:3724 = [32minfo[39m: [32mConectou ao Banco de Dados![39m
2025-02-13 12:37:24:3724 = [32minfo[39m: [32mServidor rodando na porta 3333[39m
2025-02-13 12:37:58:3758 = [32minfo[39m: [32mConectou ao Banco de Dados![39m
2025-02-13 12:37:58:3758 = [32minfo[39m: [32mServidor rodando na porta 3333[39m
2025-02-13 12:38:01:381 = [32minfo[39m: [32mConectou ao Banco de Dados![39m
2025-02-13 12:38:01:381 = [32minfo[39m: [32mServidor rodando na porta 3333[39m
2025-02-13 12:38:10:3810 = [32minfo[39m: [32mConectou ao Banco de Dados![39m
2025-02-13 12:38:10:3810 = [32minfo[39m: [32mServidor rodando na porta 3333[39m
2025-02-13 12:42:09:429 = [32minfo[39m: [32mConectou ao Banco de Dados![39m
2025-02-13 12:42:09:429 = [32minfo[39m: [32mServidor rodando na porta 3333[39m
2025-02-13 12:42:10:4210 = [32minfo[39m: [32mConectou ao Banco de Dados![39m
2025-02-13 12:42:10:4210 = [32minfo[39m: [32mServidor rodando na porta 3333[39m
2025-02-13 12:42:14:4214 = [32minfo[39m: [32mConectou ao Banco de Dados![39m
2025-02-13 12:42:16:4216 = [32minfo[39m: [32mConectou ao Banco de Dados![39m
2025-02-13 12:42:16:4216 = [32minfo[39m: [32mServidor rodando na porta 3333[39m
2025-02-13 12:42:45:4245 = [32minfo[39m: [32mConectou ao Banco de Dados![39m
2025-02-13 12:42:45:4245 = [32minfo[39m: [32mServidor rodando na porta 3333[39m
2025-02-13 12:43:57:4357 = [32minfo[39m: [32mConectou ao Banco de Dados![39m
2025-02-13 12:43:57:4357 = [32minfo[39m: [32mServidor rodando na porta 3333[39m
2025-02-13 12:44:19:4419 = [32minfo[39m: [32mConectou ao Banco de Dados![39m
2025-02-13 12:44:19:4419 = [32minfo[39m: [32mServidor rodando na porta 3333[39m
2025-02-13 12:44:24:4424 = [32minfo[39m: [32mConectou ao Banco de Dados![39m
2025-02-13 12:44:24:4424 = [32minfo[39m: [32mServidor rodando na porta 3333[39m
2025-02-13 12:44:28:4428 = [32minfo[39m: [32mConectou ao Banco de Dados![39m
2025-02-13 12:44:28:4428 = [32minfo[39m: [32mServidor rodando na porta 3333[39m
2025-02-13 12:45:57:4557 = [32minfo[39m: [32mConectou ao Banco de Dados![39m
2025-02-13 12:45:57:4557 = [32minfo[39m: [32mServidor rodando na porta 3333[39m
2025-02-13 12:46:01:461 = [32minfo[39m: [32mConectou ao Banco de Dados![39m
2025-02-13 12:46:01:461 = [32minfo[39m: [32mServidor rodando na porta 3333[39m
2025-02-13 12:47:26:4726 = [35mhttp[39m: [35mPOST /api/movie 201 - - response-time ms[39m
[35m[39m
2025-02-13 12:47:37:4737 = [35mhttp[39m: [35mGET /api/movie/67ae140e289cfee944e03e4e 200 - - response-time ms[39m
[35m[39m
2025-02-13 12:47:41:4741 = [35mhttp[39m: [35mGET /api/movies/ 200 - - response-time ms[39m
[35m[39m
2025-02-13 12:47:52:4752 = [35mhttp[39m: [35mDELETE /api/movie/67ae140e289cfee944e03e4e 200 - - response-time ms[39m
[35m[39m
2025-02-13 12:48:03:483 = [35mhttp[39m: [35mPATCH /api/movie/67ae140e289cfee944e03e4e 400 - - response-time ms[39m
[35m[39m
2025-02-13 12:48:16:4816 = [35mhttp[39m: [35mPATCH /api/movie/67acf12531e53683982d7a59 200 - - response-time ms[39m
[35m[39m
2025-02-13 12:53:29:5329 = [32minfo[39m: [32mConectou ao Banco de Dados![39m
2025-02-13 12:53:29:5329 = [32minfo[39m: [32mServidor rodando na porta 3333[39m
